<?xml version="1.0" encoding="UTF-8"?>
<!-- Generated by org.testng.reporters.JUnitReportReporter -->
<testsuite hostname="LAPTOP-MBFTDBUH" failures="0" tests="1" name="testCases.TC_LoginTest_01" time="4.142" errors="0" timestamp="2023-09-14T01:04:39 IST" skipped="0">
  <testcase classname="testCases.TC_LoginTest_01" name="loginTest" time="4.142"/>
</testsuite> <!-- testCases.TC_LoginTest_01 -->
