<?xml version="1.0" encoding="UTF-8"?>
<!-- Generated by org.testng.reporters.JUnitReportReporter -->
<testsuite hostname="LAPTOP-MBFTDBUH" failures="0" tests="4" name="testCases.TC_AddEditDeleteCustomer" time="15.199" errors="0" timestamp="2023-09-17T22:35:55 IST" skipped="0">
  <testcase classname="testCases.TC_AddEditDeleteCustomer" name="addNewCustomerTest" time="5.372"/>
  <testcase classname="testCases.TC_AddEditDeleteCustomer" name="addNewCustomerTest" time="3.621"/>
  <testcase classname="testCases.TC_AddEditDeleteCustomer" name="editCustomerInfo" time="3.327"/>
  <testcase classname="testCases.TC_AddEditDeleteCustomer" name="deleteCustomer" time="2.879"/>
</testsuite> <!-- testCases.TC_AddEditDeleteCustomer -->
