<?xml version="1.0" encoding="UTF-8"?>
<!-- Generated by org.testng.reporters.JUnitReportReporter -->
<testsuite hostname="LAPTOP-MBFTDBUH" failures="0" tests="3" name="testCases.TC_AddEditDeleteCustomer" time="6.763" errors="0" timestamp="2023-09-16T17:58:08 IST" skipped="0">
  <testcase classname="testCases.TC_AddEditDeleteCustomer" name="addNewCustomerTest" time="2.635"/>
  <testcase classname="testCases.TC_AddEditDeleteCustomer" name="editCustomerInfo" time="2.527"/>
  <testcase classname="testCases.TC_AddEditDeleteCustomer" name="deleteCustomer" time="1.601"/>
</testsuite> <!-- testCases.TC_AddEditDeleteCustomer -->
