<?xml version="1.0" encoding="UTF-8"?>
<!-- Generated by org.testng.reporters.JUnitReportReporter -->
<testsuite hostname="LAPTOP-MBFTDBUH" failures="0" tests="1" name="testCases.TC_editCustomerInfo" time="2.707" errors="0" timestamp="2023-09-16T17:38:49 IST" skipped="0">
  <testcase classname="testCases.TC_editCustomerInfo" name="editCustomerInfo" time="2.707"/>
</testsuite> <!-- testCases.TC_editCustomerInfo -->
